<?xml version="1.0" encoding="utf-8"?><testsuites name="pytest tests"><testsuite name="pytest" errors="0" failures="0" skipped="0" tests="19" time="5.530" timestamp="2026-06-24T06:10:59.904582+00:00" hostname="agent-env-60bed4ee-ac12-4bdc-a8a8-d79fd47753a1"><testcase classname="backend.tests.test_blacusa_iter4.TestReaderAuth" name="test_register_duplicate_email_400" time="0.457" /><testcase classname="backend.tests.test_blacusa_iter4.TestReaderAuth" name="test_register_short_password_400" time="0.101" /><testcase classname="backend.tests.test_blacusa_iter4.TestReaderAuth" name="test_login_reader_works" time="0.323" /><testcase classname="backend.tests.test_blacusa_iter4.TestReaderAuth" name="test_me_returns_user" time="0.107" /><testcase classname="backend.tests.test_blacusa_iter4.TestReaderAuth" name="test_reader_token_blocked_from_admin" time="0.099" /><testcase classname="backend.tests.test_blacusa_iter4.TestReaderAuth" name="test_admin_login_still_works" time="0.421" /><testcase classname="backend.tests.test_blacusa_iter4.TestCommentsAuth" name="test_comment_without_token_returns_401" time="0.193" /><testcase classname="backend.tests.test_blacusa_iter4.TestCommentsAuth" name="test_comment_with_reader_token_creates_pending_verified" time="0.302" /><testcase classname="backend.tests.test_blacusa_iter4.TestCommentsAuth" name="test_public_get_returns_only_approved" time="0.095" /><testcase classname="backend.tests.test_blacusa_iter4.TestImageOptimize" name="test_large_image_resized_to_2000" time="0.754" /><testcase classname="backend.tests.test_blacusa_iter4.TestImageOptimize" name="test_unauth_upload_401" time="0.098" /><testcase classname="backend.tests.test_blacusa_iter4.TestImageOptimize" name="test_non_image_400" time="0.094" /><testcase classname="backend.tests.test_blacusa_iter4.TestScheduledPublishing" name="test_future_article_hidden_publicly" time="0.391" /><testcase classname="backend.tests.test_blacusa_iter4.TestScheduledPublishing" name="test_future_article_visible_in_admin" time="0.300" /><testcase classname="backend.tests.test_blacusa_iter4.TestScheduledPublishing" name="test_past_publish_at_visible_publicly" time="0.451" /><testcase classname="backend.tests.test_blacusa_iter4.TestHomepageCuration" name="test_admin_get_homepage_structure" time="0.105" /><testcase classname="backend.tests.test_blacusa_iter4.TestHomepageCuration" name="test_curate_and_public_reflects" time="0.389" /><testcase classname="backend.tests.test_blacusa_iter4.TestHomepageCuration" name="test_section_ordering_honored" time="0.514" /><testcase classname="backend.tests.test_blacusa_iter4.TestHomepageCuration" name="test_admin_homepage_requires_auth" time="0.092" /></testsuite></testsuites>