<?xml version="1.0" encoding="utf-8"?><testsuites name="pytest tests"><testsuite name="pytest" errors="0" failures="0" skipped="0" tests="15" time="3.001" timestamp="2026-06-24T05:44:09.592371+00:00" hostname="agent-env-60bed4ee-ac12-4bdc-a8a8-d79fd47753a1"><testcase classname="backend.tests.test_blacusa_uploads_comments_bounds.TestImageUpload" name="test_upload_unauthenticated_returns_401" time="0.189" /><testcase classname="backend.tests.test_blacusa_uploads_comments_bounds.TestImageUpload" name="test_upload_non_image_returns_400" time="0.428" /><testcase classname="backend.tests.test_blacusa_uploads_comments_bounds.TestImageUpload" name="test_upload_png_and_public_fetch" time="0.587" /><testcase classname="backend.tests.test_blacusa_uploads_comments_bounds.TestImageUpload" name="test_files_unknown_path_404" time="0.103" /><testcase classname="backend.tests.test_blacusa_uploads_comments_bounds.TestCommentsPublic" name="test_get_comments_bad_slug_returns_empty_list" time="0.052" /><testcase classname="backend.tests.test_blacusa_uploads_comments_bounds.TestCommentsPublic" name="test_post_comment_bad_slug_404" time="0.048" /><testcase classname="backend.tests.test_blacusa_uploads_comments_bounds.TestCommentsPublic" name="test_post_comment_empty_body_400" time="0.096" /><testcase classname="backend.tests.test_blacusa_uploads_comments_bounds.TestCommentsPublic" name="test_pending_comment_hidden_from_public" time="0.097" /><testcase classname="backend.tests.test_blacusa_uploads_comments_bounds.TestCommentsModeration" name="test_overview_has_comments_pending" time="0.129" /><testcase classname="backend.tests.test_blacusa_uploads_comments_bounds.TestCommentsModeration" name="test_admin_list_comments_requires_auth" time="0.092" /><testcase classname="backend.tests.test_blacusa_uploads_comments_bounds.TestCommentsModeration" name="test_full_moderation_flow" time="0.807" /><testcase classname="backend.tests.test_blacusa_uploads_comments_bounds.TestColdCasesBounds" name="test_continental_us_box_returns_all" time="0.097" /><testcase classname="backend.tests.test_blacusa_uploads_comments_bounds.TestColdCasesBounds" name="test_tight_chicago_box_filters" time="0.046" /><testcase classname="backend.tests.test_blacusa_uploads_comments_bounds.TestColdCasesBounds" name="test_tiny_empty_box_returns_zero" time="0.045" /><testcase classname="backend.tests.test_blacusa_uploads_comments_bounds.TestColdCasesBounds" name="test_bounds_smaller_than_full" time="0.095" /></testsuite></testsuites>