<?xml version="1.0" encoding="utf-8"?><testsuites name="pytest tests"><testsuite name="pytest" errors="0" failures="0" skipped="0" tests="22" time="1.704" timestamp="2026-06-24T05:04:12.637149+00:00" hostname="agent-env-60bed4ee-ac12-4bdc-a8a8-d79fd47753a1"><testcase classname="backend.tests.test_blacusa_api" name="test_root" time="0.189" /><testcase classname="backend.tests.test_blacusa_api" name="test_categories" time="0.045" /><testcase classname="backend.tests.test_blacusa_api" name="test_articles_list" time="0.044" /><testcase classname="backend.tests.test_blacusa_api" name="test_articles_filter_category" time="0.048" /><testcase classname="backend.tests.test_blacusa_api" name="test_articles_filter_solutions" time="0.044" /><testcase classname="backend.tests.test_blacusa_api" name="test_articles_filter_featured" time="0.047" /><testcase classname="backend.tests.test_blacusa_api" name="test_articles_limit" time="0.046" /><testcase classname="backend.tests.test_blacusa_api" name="test_article_by_slug" time="0.091" /><testcase classname="backend.tests.test_blacusa_api" name="test_article_404" time="0.044" /><testcase classname="backend.tests.test_blacusa_api" name="test_cold_cases_list" time="0.044" /><testcase classname="backend.tests.test_blacusa_api" name="test_cold_cases_stats" time="0.045" /><testcase classname="backend.tests.test_blacusa_api" name="test_cold_cases_filter_type" time="0.045" /><testcase classname="backend.tests.test_blacusa_api" name="test_cold_cases_filter_status" time="0.046" /><testcase classname="backend.tests.test_blacusa_api" name="test_cold_cases_filter_state" time="0.049" /><testcase classname="backend.tests.test_blacusa_api" name="test_cold_cases_search_q" time="0.089" /><testcase classname="backend.tests.test_blacusa_api" name="test_cold_case_detail" time="0.090" /><testcase classname="backend.tests.test_blacusa_api" name="test_cold_case_404" time="0.047" /><testcase classname="backend.tests.test_blacusa_api" name="test_submit_tip" time="0.092" /><testcase classname="backend.tests.test_blacusa_api" name="test_submit_tip_minimal" time="0.045" /><testcase classname="backend.tests.test_blacusa_api" name="test_membership_tiers" time="0.045" /><testcase classname="backend.tests.test_blacusa_api" name="test_membership_join" time="0.074" /><testcase classname="backend.tests.test_blacusa_api" name="test_subscribe_and_dedupe" time="0.116" /></testsuite></testsuites>