<?xml version="1.0" encoding="utf-8"?><testsuites name="pytest tests"><testsuite name="pytest" errors="0" failures="0" skipped="0" tests="21" time="2.726" timestamp="2026-06-24T05:27:17.649856+00:00" hostname="agent-env-60bed4ee-ac12-4bdc-a8a8-d79fd47753a1"><testcase classname="backend.tests.test_blacusa_admin" name="test_login_wrong_password" time="0.408" /><testcase classname="backend.tests.test_blacusa_admin" name="test_auth_me" time="0.327" /><testcase classname="backend.tests.test_blacusa_admin" name="test_admin_overview_no_token" time="0.121" /><testcase classname="backend.tests.test_blacusa_admin" name="test_admin_overview_with_token" time="0.056" /><testcase classname="backend.tests.test_blacusa_admin" name="test_admin_list_articles" time="0.097" /><testcase classname="backend.tests.test_blacusa_admin" name="test_published_article_visible_publicly" time="0.048" /><testcase classname="backend.tests.test_blacusa_admin" name="test_article_duplicate_slug" time="0.049" /><testcase classname="backend.tests.test_blacusa_admin" name="test_article_unpublish_hides_from_public" time="0.144" /><testcase classname="backend.tests.test_blacusa_admin" name="test_article_delete" time="0.146" /><testcase classname="backend.tests.test_blacusa_admin" name="test_case_appears_publicly" time="0.098" /><testcase classname="backend.tests.test_blacusa_admin" name="test_case_duplicate_number" time="0.050" /><testcase classname="backend.tests.test_blacusa_admin" name="test_case_update_and_delete" time="0.148" /><testcase classname="backend.tests.test_blacusa_admin" name="test_radius_search_chicago_50mi" time="0.095" /><testcase classname="backend.tests.test_blacusa_admin" name="test_radius_larger_returns_more" time="0.095" /><testcase classname="backend.tests.test_blacusa_admin" name="test_admin_list_tips" time="0.095" /><testcase classname="backend.tests.test_blacusa_admin" name="test_admin_tips_filter_pending" time="0.050" /><testcase classname="backend.tests.test_blacusa_admin" name="test_admin_tip_status_transition" time="0.130" /><testcase classname="backend.tests.test_blacusa_admin" name="test_admin_tip_invalid_status" time="0.046" /><testcase classname="backend.tests.test_blacusa_admin" name="test_admin_tip_delete" time="0.095" /><testcase classname="backend.tests.test_blacusa_admin" name="test_admin_subscribers" time="0.135" /><testcase classname="backend.tests.test_blacusa_admin" name="test_admin_memberships" time="0.199" /></testsuite></testsuites>